2025-07-24 01:15:41,373 - seminar_optimization.seminar_optimization.logger_config - INFO - ログファイル 'C:\Users\hiker\seminar_optimization\seminar_optimization\logs\seminar_optimization_20250724.log' に出力します。
2025-07-24 01:15:41,373 - seminar_optimization.seminar_optimization.logger_config - INFO - ロギングがレベル 'DEBUG' で設定されました。
2025-07-24 01:15:41,373 - seminar_optimization.seminar_optimization.logger_config - INFO - main: アプリケーションのロギングが初期化されました。
2025-07-24 01:15:41,460 - seminar_optimization.seminar_optimization.logger_config - DEBUG - SeminarGUI: 初期化を開始します。
2025-07-24 01:15:41,461 - seminar_optimization.seminar_optimization.logger_config - DEBUG - SeminarGUI: GUI設定をロードします。
2025-07-24 01:15:41,461 - seminar_optimization.seminar_optimization.logger_config - DEBUG - SeminarGUI: gui_settings.iniのロードを開始します。
2025-07-24 01:15:41,461 - seminar_optimization.seminar_optimization.logger_config - WARNING - GUI設定ファイルが見つかりません: C:\Users\hiker\seminar_optimization\seminar_optimization\config\gui_settings.ini。デフォルト設定を使用します。
2025-07-24 01:15:41,462 - seminar_optimization.seminar_optimization.logger_config - DEBUG - SeminarGUI: gui_settings.iniのロードが完了しました。
2025-07-24 01:15:41,462 - seminar_optimization.seminar_optimization.logger_config - DEBUG - SeminarGUI: Tkinter変数を初期化します。
2025-07-24 01:15:41,463 - seminar_optimization.seminar_optimization.logger_config - DEBUG - SeminarGUI: デフォルトフォントを設定します。
2025-07-24 01:15:41,463 - seminar_optimization.seminar_optimization.logger_config - DEBUG - SeminarGUI: ウィジェットを作成します。
2025-07-24 01:15:41,463 - seminar_optimization.seminar_optimization.logger_config - DEBUG - SeminarGUI: _create_widgetsを開始します。
2025-07-24 01:15:41,466 - seminar_optimization.seminar_optimization.logger_config - DEBUG - SeminarGUI: 「データ入力と設定」タブを作成中...
2025-07-24 01:15:41,531 - seminar_optimization.seminar_optimization.logger_config - DEBUG - SeminarGUI: 戦略固有のフィールドを作成中...
2025-07-24 01:15:41,572 - seminar_optimization.seminar_optimization.logger_config - DEBUG - SeminarGUI: 戦略固有のフィールドの作成が完了しました。
2025-07-24 01:15:41,585 - seminar_optimization.seminar_optimization.logger_config - DEBUG - SeminarGUI: 「データ入力と設定」タブの作成が完了しました。
2025-07-24 01:15:41,586 - seminar_optimization.seminar_optimization.logger_config - DEBUG - SeminarGUI: 「最適化結果」タブを作成中...
2025-07-24 01:15:41,591 - seminar_optimization.seminar_optimization.logger_config - DEBUG - SeminarGUI: 「最適化結果」タブの作成が完了しました。
2025-07-24 01:15:41,591 - seminar_optimization.seminar_optimization.logger_config - DEBUG - SeminarGUI: 「ログ」タブを作成中...
2025-07-24 01:15:41,592 - seminar_optimization.seminar_optimization.logger_config - DEBUG - SeminarGUI: 「ログ」タブの作成が完了しました。
2025-07-24 01:15:41,593 - seminar_optimization.seminar_optimization.logger_config - DEBUG - SeminarGUI: メインボタンを作成中...
2025-07-24 01:15:41,594 - seminar_optimization.seminar_optimization.logger_config - DEBUG - SeminarGUI: メインボタンの作成が完了しました。
2025-07-24 01:15:41,595 - seminar_optimization.seminar_optimization.logger_config - DEBUG - SeminarGUI: ステータスバーを作成中...
2025-07-24 01:15:41,595 - seminar_optimization.seminar_optimization.logger_config - DEBUG - SeminarGUI: ステータスバーの作成が完了しました。
2025-07-24 01:15:41,596 - seminar_optimization.seminar_optimization.logger_config - DEBUG - SeminarGUI: _create_widgetsが完了しました。
2025-07-24 01:15:41,596 - seminar_optimization.seminar_optimization.logger_config - DEBUG - SeminarGUI: ロギングをGUIに設定します。
2025-07-24 01:15:41,596 - seminar_optimization.seminar_optimization.logger_config - DEBUG - SeminarGUI: GUIロギングハンドラを設定中...
2025-07-24 01:18:18,803 - seminar_optimization.seminar_optimization.logger_config - INFO - ログファイル 'C:\Users\hiker\seminar_optimization\seminar_optimization\logs\seminar_optimization_20250724.log' に出力します。
2025-07-24 01:18:18,803 - seminar_optimization.seminar_optimization.logger_config - INFO - ロギングがレベル 'DEBUG' で設定されました。
2025-07-24 01:18:18,804 - seminar_optimization.seminar_optimization.logger_config - INFO - main: アプリケーションのロギングが初期化されました。
2025-07-24 01:18:18,875 - seminar_optimization.seminar_optimization.logger_config - DEBUG - SeminarGUI: 初期化を開始します。
2025-07-24 01:18:18,875 - seminar_optimization.seminar_optimization.logger_config - DEBUG - SeminarGUI: GUI設定をロードします。
2025-07-24 01:18:18,876 - seminar_optimization.seminar_optimization.logger_config - DEBUG - SeminarGUI: gui_settings.iniのロードを開始します。
2025-07-24 01:18:18,876 - seminar_optimization.seminar_optimization.logger_config - WARNING - GUI設定ファイルが見つかりません: C:\Users\hiker\seminar_optimization\seminar_optimization\config\gui_settings.ini。デフォルト設定を使用します。
2025-07-24 01:18:18,877 - seminar_optimization.seminar_optimization.logger_config - DEBUG - SeminarGUI: gui_settings.iniのロードが完了しました。
2025-07-24 01:18:18,877 - seminar_optimization.seminar_optimization.logger_config - DEBUG - SeminarGUI: Tkinter変数を初期化します。
2025-07-24 01:18:18,877 - seminar_optimization.seminar_optimization.logger_config - DEBUG - SeminarGUI: デフォルトフォントを設定します。
2025-07-24 01:18:18,878 - seminar_optimization.seminar_optimization.logger_config - DEBUG - SeminarGUI: ウィジェットを作成します。
2025-07-24 01:18:18,878 - seminar_optimization.seminar_optimization.logger_config - DEBUG - SeminarGUI: _create_widgetsを開始します。
2025-07-24 01:18:18,881 - seminar_optimization.seminar_optimization.logger_config - DEBUG - SeminarGUI: 「データ入力と設定」タブを作成中...
2025-07-24 01:18:18,918 - seminar_optimization.seminar_optimization.logger_config - DEBUG - SeminarGUI: 戦略固有のフィールドを作成中...
2025-07-24 01:18:18,945 - seminar_optimization.seminar_optimization.logger_config - DEBUG - SeminarGUI: 戦略固有のフィールドの作成が完了しました。
2025-07-24 01:18:18,958 - seminar_optimization.seminar_optimization.logger_config - DEBUG - SeminarGUI: 「データ入力と設定」タブの作成が完了しました。
2025-07-24 01:18:18,959 - seminar_optimization.seminar_optimization.logger_config - DEBUG - SeminarGUI: 「最適化結果」タブを作成中...
2025-07-24 01:18:18,966 - seminar_optimization.seminar_optimization.logger_config - DEBUG - SeminarGUI: 「最適化結果」タブの作成が完了しました。
2025-07-24 01:18:18,966 - seminar_optimization.seminar_optimization.logger_config - DEBUG - SeminarGUI: 「ログ」タブを作成中...
2025-07-24 01:18:18,967 - seminar_optimization.seminar_optimization.logger_config - DEBUG - SeminarGUI: 「ログ」タブの作成が完了しました。
2025-07-24 01:18:18,967 - seminar_optimization.seminar_optimization.logger_config - DEBUG - SeminarGUI: メインボタンを作成中...
2025-07-24 01:18:18,969 - seminar_optimization.seminar_optimization.logger_config - DEBUG - SeminarGUI: メインボタンの作成が完了しました。
2025-07-24 01:18:18,969 - seminar_optimization.seminar_optimization.logger_config - DEBUG - SeminarGUI: ステータスバーを作成中...
2025-07-24 01:18:18,970 - seminar_optimization.seminar_optimization.logger_config - DEBUG - SeminarGUI: ステータスバーの作成が完了しました。
2025-07-24 01:18:18,970 - seminar_optimization.seminar_optimization.logger_config - DEBUG - SeminarGUI: _create_widgetsが完了しました。
2025-07-24 01:18:18,970 - seminar_optimization.seminar_optimization.logger_config - DEBUG - SeminarGUI: ロギングをGUIに設定します。
2025-07-24 01:18:18,970 - seminar_optimization.seminar_optimization.logger_config - DEBUG - SeminarGUI: GUIロギングハンドラを設定中...
2025-07-24 01:22:24,586 - seminar_optimization.seminar_optimization.logger_config - INFO - ログファイル 'C:\Users\hiker\seminar_optimization\seminar_optimization\logs\seminar_optimization_20250724.log' に出力します。
2025-07-24 01:22:24,586 - seminar_optimization.seminar_optimization.logger_config - INFO - ロギングがレベル 'DEBUG' で設定されました。
2025-07-24 01:22:24,587 - seminar_optimization.seminar_optimization.logger_config - INFO - main: アプリケーションのロギングが初期化されました。
2025-07-24 01:22:24,686 - seminar_optimization.seminar_optimization.logger_config - DEBUG - SeminarGUI: 初期化を開始します。
2025-07-24 01:22:24,687 - seminar_optimization.seminar_optimization.logger_config - DEBUG - SeminarGUI: GUI設定をロードします。
2025-07-24 01:22:24,687 - seminar_optimization.seminar_optimization.logger_config - DEBUG - SeminarGUI: gui_settings.iniのロードを開始します。
2025-07-24 01:22:24,687 - seminar_optimization.seminar_optimization.logger_config - WARNING - GUI設定ファイルが見つかりません: C:\Users\hiker\seminar_optimization\seminar_optimization\config\gui_settings.ini。デフォルト設定を使用します。
2025-07-24 01:22:24,687 - seminar_optimization.seminar_optimization.logger_config - DEBUG - SeminarGUI: gui_settings.iniのロードが完了しました。
2025-07-24 01:22:24,688 - seminar_optimization.seminar_optimization.logger_config - DEBUG - SeminarGUI: Tkinter変数を初期化します。
2025-07-24 01:22:24,688 - seminar_optimization.seminar_optimization.logger_config - DEBUG - SeminarGUI: デフォルトフォントを設定します。
2025-07-24 01:22:24,688 - seminar_optimization.seminar_optimization.logger_config - DEBUG - SeminarGUI: ウィジェットを作成します。
2025-07-24 01:22:24,689 - seminar_optimization.seminar_optimization.logger_config - DEBUG - SeminarGUI: _create_widgetsを開始します。
2025-07-24 01:22:24,692 - seminar_optimization.seminar_optimization.logger_config - DEBUG - SeminarGUI: 「データ入力と設定」タブを作成中...
2025-07-24 01:22:24,743 - seminar_optimization.seminar_optimization.logger_config - DEBUG - SeminarGUI: 戦略固有のフィールドを作成中...
2025-07-24 01:22:24,775 - seminar_optimization.seminar_optimization.logger_config - DEBUG - SeminarGUI: 戦略固有のフィールドの作成が完了しました。
2025-07-24 01:22:24,789 - seminar_optimization.seminar_optimization.logger_config - DEBUG - SeminarGUI: 「データ入力と設定」タブの作成が完了しました。
2025-07-24 01:22:24,789 - seminar_optimization.seminar_optimization.logger_config - DEBUG - SeminarGUI: 「最適化結果」タブを作成中...
2025-07-24 01:22:24,798 - seminar_optimization.seminar_optimization.logger_config - DEBUG - SeminarGUI: 「最適化結果」タブの作成が完了しました。
2025-07-24 01:22:24,799 - seminar_optimization.seminar_optimization.logger_config - DEBUG - SeminarGUI: 「ログ」タブを作成中...
2025-07-24 01:22:24,799 - seminar_optimization.seminar_optimization.logger_config - DEBUG - SeminarGUI: 「ログ」タブの作成が完了しました。
2025-07-24 01:22:24,800 - seminar_optimization.seminar_optimization.logger_config - DEBUG - SeminarGUI: メインボタンを作成中...
2025-07-24 01:22:24,803 - seminar_optimization.seminar_optimization.logger_config - DEBUG - SeminarGUI: メインボタンの作成が完了しました。
2025-07-24 01:22:24,804 - seminar_optimization.seminar_optimization.logger_config - DEBUG - SeminarGUI: ステータスバーを作成中...
2025-07-24 01:22:24,807 - seminar_optimization.seminar_optimization.logger_config - DEBUG - SeminarGUI: ステータスバーの作成が完了しました。
2025-07-24 01:22:24,807 - seminar_optimization.seminar_optimization.logger_config - DEBUG - SeminarGUI: _create_widgetsが完了しました。
2025-07-24 01:22:24,807 - seminar_optimization.seminar_optimization.logger_config - DEBUG - SeminarGUI: ロギングをGUIに設定します。
2025-07-24 01:22:24,807 - seminar_optimization.seminar_optimization.logger_config - DEBUG - SeminarGUI: GUIロギングハンドラを設定中...
